2024-12-15 10:36:37,559 - INFO - Запуск скрипта скрапинга...
2024-12-15 10:36:38,446 - INFO - Запуск браузера Chromium...
2024-12-15 10:36:41,241 - INFO - Выполнен поиск по запросу 'транспортир'.
2024-12-15 10:36:44,566 - INFO - Каталог товаров загружен.
2024-12-15 10:36:54,972 - INFO - Сортировка товаров по цене выполнена.
2024-12-15 10:36:54,972 - INFO - Парсинг страницы 1...
2024-12-15 10:36:55,039 - INFO - На странице 1 найдено 30 товаров.
2024-12-15 10:36:55,131 - INFO - Товар 1 на странице 1: Линейка треугольная гибкая - 70 руб.
2024-12-15 10:36:55,213 - INFO - Товар 2 на странице 1: Транспортир 10 см, 180 градусов - 74 руб.
2024-12-15 10:36:55,349 - INFO - Товар 3 на странице 1: Линейка деревянная канцелярская Тоторо - 75 руб.
2024-12-15 10:36:55,541 - INFO - Товар 4 на странице 1: Транспортир-линейка (прозрачный) 10 см - 75 руб.
2024-12-15 10:36:57,444 - INFO - Товар 5 на странице 1: Транспортир-линейка (ЦВЕТ МИКС) 10 см - 79 руб.
2024-12-15 10:36:57,500 - INFO - Товар 6 на странице 1: Линейка - 83 руб.
2024-12-15 10:36:57,561 - INFO - Товар 7 на странице 1: Линейка - 83 руб.
2024-12-15 10:36:57,626 - INFO - Товар 8 на странице 1: Линейка транспортир деревянный канцелярский Тоторо - 84 руб.
2024-12-15 10:36:57,687 - INFO - Товар 9 на странице 1: Линейка транспортир деревянный канцелярский Майнкрафт - 84 руб.
2024-12-15 10:36:57,749 - INFO - Товар 10 на странице 1: Транспортир-линейка (прозрачный) 10 см - 87 руб.
2024-12-15 10:36:57,749 - INFO - Данные с страницы 1 сохранены в файл products_page_1.csv.
2024-12-15 10:36:57,751 - INFO - Переход на страницу 2...
2024-12-15 10:37:02,862 - INFO - Парсинг страницы 2...
2024-12-15 10:37:02,926 - INFO - На странице 2 найдено 30 товаров.
2024-12-15 10:37:02,991 - INFO - Товар 1 на странице 2: Набор для черчения 4 предмета - 114 руб.
2024-12-15 10:37:03,049 - INFO - Товар 2 на странице 2: Набор для черчения 4 предмета - 114 руб.
2024-12-15 10:37:03,106 - INFO - Товар 3 на странице 2: Набор для черчения 4 предмета - 114 руб.
2024-12-15 10:37:03,168 - INFO - Товар 4 на странице 2: Транспортир 12 см 180 градусов - 114 руб.
2024-12-15 10:37:03,229 - INFO - Товар 5 на странице 2: Линейка металлическая 15 см европодвес, 210630 - 115 руб.
2024-12-15 10:37:03,288 - INFO - Товар 6 на странице 2: Транспортир, угольники 30°и 45°, линейка набор чертежный 4в1 - 115 руб.
2024-12-15 10:37:03,348 - INFO - Товар 7 на странице 2: Линейка Радиотехническая 18 см - 115 руб.
2024-12-15 10:37:03,418 - INFO - Товар 8 на странице 2: Линейка пластиковая - 116 руб.
2024-12-15 10:37:03,478 - INFO - Товар 9 на странице 2: Линейка пластиковая - 116 руб.
2024-12-15 10:37:03,537 - INFO - Товар 10 на странице 2: Транспортир 180 гр 12 см - 116 руб.
2024-12-15 10:37:03,539 - INFO - Данные с страницы 2 сохранены в файл products_page_2.csv.
2024-12-15 10:37:03,539 - INFO - Переход на страницу 3...
2024-12-15 10:37:08,633 - INFO - Парсинг страницы 3...
2024-12-15 10:37:08,681 - INFO - На странице 3 найдено 30 товаров.
2024-12-15 10:37:08,728 - INFO - Товар 1 на странице 3: Линейка 20 см гибкая + брелок - 133 руб.
2024-12-15 10:37:08,777 - INFO - Товар 2 на странице 3: Циркуль школьный готовальня 2 предмета - 133 руб.
2024-12-15 10:37:08,821 - INFO - Товар 3 на странице 3: Циркуль школьный готовальня для черчения - 133 руб.
2024-12-15 10:37:08,868 - INFO - Товар 4 на странице 3: транспортир - 133 руб.
2024-12-15 10:37:08,911 - INFO - Товар 5 на странице 3: Циркуль школьный готовальня 2 предмета - 133 руб.
2024-12-15 10:37:08,957 - INFO - Товар 6 на странице 3: Линейка канцелярская деревянная набор 15 20 25 и 30 см - 133 руб.
2024-12-15 10:37:09,000 - INFO - Товар 7 на странице 3: Циркуль школьный готовальня 2 предмета - 133 руб.
2024-12-15 10:37:09,047 - INFO - Товар 8 на странице 3: Линейка 20 см гибкая + брелок - 133 руб.
2024-12-15 10:37:09,118 - INFO - Товар 9 на странице 3: Набор геометрический 4 пр. "MiYou" пластик ассорти-1шт - 133 руб.
2024-12-15 10:37:09,173 - INFO - Товар 10 на странице 3: Линейка деревянная 40 см, 2 штуки - 133 руб.
2024-12-15 10:37:09,353 - INFO - Данные с страницы 3 сохранены в файл products_page_3.csv.
2024-12-15 10:37:09,353 - INFO - Переход на страницу 4...
2024-12-15 10:37:14,454 - INFO - Парсинг страницы 4...
2024-12-15 10:37:14,504 - INFO - На странице 4 найдено 30 товаров.
2024-12-15 10:37:14,569 - INFO - Товар 1 на странице 4: Чертёжный набор 4 предмета (фиолетовая шкала) 15 см - 141 руб.
2024-12-15 10:37:14,631 - INFO - Товар 2 на странице 4: Чертёжный набор гибких линеек,линейка треугол транспортир - 141 руб.
2024-12-15 10:37:14,675 - INFO - Товар 3 на странице 4: Набор чертежных предметов 5 шт - 141 руб.
2024-12-15 10:37:14,721 - INFO - Товар 4 на странице 4: Транспортир 10 сантиметров 180° пластиковый полупрозрачный - 141 руб.
2024-12-15 10:37:14,766 - INFO - Товар 5 на странице 4: Набор для черчения, линейка, угольник, транспортир - 141 руб.
2024-12-15 10:37:14,813 - INFO - Товар 6 на странице 4: Чертежный набор линеек для школы, геометрии - 141 руб.
2024-12-15 10:37:14,857 - INFO - Товар 7 на странице 4: Набор геометрический 4 предмета - 141 руб.
2024-12-15 10:37:14,902 - INFO - Товар 8 на странице 4: Линейка школьная набор 15 см для мальчиков - 141 руб.
2024-12-15 10:37:14,945 - INFO - Товар 9 на странице 4: Набор линеек для школьника линейка угольник транспортир - 141 руб.
2024-12-15 10:37:14,994 - INFO - Товар 10 на странице 4: Набор деревянных линеек - 141 руб.
2024-12-15 10:37:14,995 - INFO - Данные с страницы 4 сохранены в файл products_page_4.csv.
2024-12-15 10:37:14,995 - INFO - Переход на страницу 5...
2024-12-15 10:37:20,076 - INFO - Парсинг страницы 5...
2024-12-15 10:37:20,117 - INFO - На странице 5 найдено 30 товаров.
2024-12-15 10:37:20,161 - INFO - Товар 1 на странице 5: Чертежный набор линеек для школы - 151 руб.
2024-12-15 10:37:20,203 - INFO - Товар 2 на странице 5: Набор чертежный малый - 151 руб.
2024-12-15 10:37:20,264 - INFO - Товар 3 на странице 5: Набор линеек аниме - 153 руб.
2024-12-15 10:37:20,313 - INFO - Товар 4 на странице 5: Набор линеек аниме - 153 руб.
2024-12-15 10:37:20,360 - INFO - Товар 5 на странице 5: Многофункциональная линейка - 153 руб.
2024-12-15 10:37:20,410 - INFO - Товар 6 на странице 5: Набор линеек аниме - 153 руб.
2024-12-15 10:37:20,457 - INFO - Товар 7 на странице 5: Транспортир 180* 10 см стальной 2 шт - 153 руб.
2024-12-15 10:37:20,502 - INFO - Товар 8 на странице 5: Транспортир-линейка 15см - 153 руб.
2024-12-15 10:37:20,551 - INFO - Товар 9 на странице 5: Геометрический набор - 153 руб.
2024-12-15 10:37:20,598 - INFO - Товар 10 на странице 5: Набор линеек аниме - 153 руб.
2024-12-15 10:37:20,599 - INFO - Данные с страницы 5 сохранены в файл products_page_5.csv.
2024-12-15 10:37:22,740 - INFO - Браузер закрыт.
2024-12-15 10:37:22,757 - INFO - Скрипт завершил работу.
